This file contains any messages produced by compilers while
running configure, to aid debugging if configure makes a mistake.

It was created by configure, which was
generated by GNU Autoconf 2.69.  Invocation command line was

  $ ./configure 

## --------- ##
## Platform. ##
## --------- ##

hostname = Dell-mint20-3650
uname -m = x86_64
uname -r = 5.11.0-38-generic
uname -s = Linux
uname -v = #42~20.04.1-Ubuntu SMP Tue Sep 28 20:41:07 UTC 2021

/usr/bin/uname -p = x86_64
/bin/uname -X     = unknown

/bin/arch              = x86_64
/usr/bin/arch -k       = unknown
/usr/convex/getsysinfo = unknown
/usr/bin/hostinfo      = unknown
/bin/machine           = unknown
/usr/bin/oslevel       = unknown
/bin/universe          = unknown

PATH: /home/hermlnx/bin
PATH: /usr/local/sbin
PATH: /usr/local/bin
PATH: /usr/sbin
PATH: /usr/bin
PATH: /sbin
PATH: /bin
PATH: /usr/games
PATH: /usr/local/games
PATH: /snap/bin


## ----------- ##
## Core tests. ##
## ----------- ##

configure:2228: checking for a BSD-compatible install
configure:2296: result: /usr/bin/install -c
configure:2307: checking whether build environment is sane
configure:2357: result: yes
configure:2498: checking for a thread-safe mkdir -p
configure:2537: result: /usr/bin/mkdir -p
configure:2550: checking for gawk
configure:2566: found /usr/bin/gawk
configure:2577: result: gawk
configure:2588: checking whether make sets $(MAKE)
configure:2610: result: yes
configure:2723: checking for a Python interpreter with version >= 2.3
configure:2740: python -c import sys # split strings by '.' and convert to numeric. Append some zeros # because we need at least 4 digits for the hex conversion. # map returns an iterator in Python 3.0 and a list in 2.x minver = list(map(int, '2.3'.split('.'))) + [0, 0, 0] minverhex = 0 # xrange is not present in Python 3.0 and range returns an iterator for i in list(range(0, 4)): minverhex = (minverhex << 8) + minver[i] sys.exit(sys.hexversion < minverhex)
configure:2743: $? = 0
configure:2749: result: python
configure:2757: checking for python
configure:2775: found /usr/bin/python
configure:2787: result: /usr/bin/python
configure:2805: checking for python version
configure:2812: result: 2.7
configure:2824: checking for python platform
configure:2831: result: linux2
configure:2838: checking for python script directory
configure:2866: result: ${prefix}/lib/python2.7/dist-packages
configure:2875: checking for python extension module directory
configure:2903: result: ${exec_prefix}/lib/python2.7/dist-packages
configure:2933: checking for style of include used by make
configure:2961: result: GNU
configure:3032: checking for gcc
configure:3048: found /usr/bin/gcc
configure:3059: result: gcc
configure:3288: checking for C compiler version
configure:3297: gcc --version >&5
gcc (Ubuntu 9.3.0-17ubuntu1~20.04) 9.3.0
Copyright (C) 2019 Free Software Foundation, Inc.
This is free software; see the source for copying conditions.  There is NO
warranty; not even for MERCHANTABILITY or FITNESS FOR A PARTICULAR PURPOSE.

configure:3308: $? = 0
configure:3297: gcc -v >&5
Using built-in specs.
COLLECT_GCC=gcc
COLLECT_LTO_WRAPPER=/usr/lib/gcc/x86_64-linux-gnu/9/lto-wrapper
OFFLOAD_TARGET_NAMES=nvptx-none:hsa
OFFLOAD_TARGET_DEFAULT=1
Target: x86_64-linux-gnu
Configured with: ../src/configure -v --with-pkgversion='Ubuntu 9.3.0-17ubuntu1~20.04' --with-bugurl=file:///usr/share/doc/gcc-9/README.Bugs --enable-languages=c,ada,c++,go,brig,d,fortran,objc,obj-c++,gm2 --prefix=/usr --with-gcc-major-version-only --program-suffix=-9 --program-prefix=x86_64-linux-gnu- --enable-shared --enable-linker-build-id --libexecdir=/usr/lib --without-included-gettext --enable-threads=posix --libdir=/usr/lib --enable-nls --enable-clocale=gnu --enable-libstdcxx-debug --enable-libstdcxx-time=yes --with-default-libstdcxx-abi=new --enable-gnu-unique-object --disable-vtable-verify --enable-plugin --enable-default-pie --with-system-zlib --with-target-system-zlib=auto --enable-objc-gc=auto --enable-multiarch --disable-werror --with-arch-32=i686 --with-abi=m64 --with-multilib-list=m32,m64,mx32 --enable-multilib --with-tune=generic --enable-offload-targets=nvptx-none=/build/gcc-9-HskZEa/gcc-9-9.3.0/debian/tmp-nvptx/usr,hsa --without-cuda-driver --enable-checking=release --build=x86_64-linux-gnu --host=x86_64-linux-gnu --target=x86_64-linux-gnu
Thread model: posix
gcc version 9.3.0 (Ubuntu 9.3.0-17ubuntu1~20.04) 
configure:3308: $? = 0
configure:3297: gcc -V >&5
gcc: error: unrecognized command line option '-V'
gcc: fatal error: no input files
compilation terminated.
configure:3308: $? = 1
configure:3297: gcc -qversion >&5
gcc: error: unrecognized command line option '-qversion'; did you mean '--version'?
gcc: fatal error: no input files
compilation terminated.
configure:3308: $? = 1
configure:3328: checking whether the C compiler works
configure:3350: gcc    conftest.c  >&5
configure:3354: $? = 0
configure:3402: result: yes
configure:3405: checking for C compiler default output file name
configure:3407: result: a.out
configure:3413: checking for suffix of executables
configure:3420: gcc -o conftest    conftest.c  >&5
configure:3424: $? = 0
configure:3446: result: 
configure:3468: checking whether we are cross compiling
configure:3476: gcc -o conftest    conftest.c  >&5
configure:3480: $? = 0
configure:3487: ./conftest
configure:3491: $? = 0
configure:3479: result: no
configure:3484: checking for suffix of object files
configure:3506: gcc -c   conftest.c >&5
configure:3510: $? = 0
configure:3531: result: o
configure:3535: checking whether we are using the GNU C compiler
configure:3554: gcc -c   conftest.c >&5
configure:3554: $? = 0
configure:3563: result: yes
configure:3572: checking whether gcc accepts -g
configure:3592: gcc -c -g  conftest.c >&5
configure:3592: $? = 0
configure:3633: result: yes
configure:3650: checking for gcc option to accept ISO C89
configure:3713: gcc  -c -g -O2  conftest.c >&5
configure:3713: $? = 0
configure:3726: result: none needed
configure:3748: checking dependency style of gcc
configure:3859: result: none
configure:3880: checking how to run the C preprocessor
configure:3911: gcc -E  conftest.c
configure:3911: $? = 0
configure:3925: gcc -E  conftest.c
conftest.c:11:10: fatal error: ac_nonexistent.h: No such file or directory
   11 | #include <ac_nonexistent.h>
      |          ^~~~~~~~~~~~~~~~~~
compilation terminated.
configure:3925: $? = 1
configure: failed program was:
| /* confdefs.h */
| #define PACKAGE_NAME ""
| #define PACKAGE_TARNAME ""
| #define PACKAGE_VERSION ""
| #define PACKAGE_STRING ""
| #define PACKAGE_BUGREPORT ""
| #define PACKAGE_URL ""
| #define PACKAGE "system-config-lvm"
| #define VERSION "1.1.18"
| /* end confdefs.h.  */
| #include <ac_nonexistent.h>
configure:3950: result: gcc -E
configure:3970: gcc -E  conftest.c
configure:3970: $? = 0
configure:3984: gcc -E  conftest.c
conftest.c:11:10: fatal error: ac_nonexistent.h: No such file or directory
   11 | #include <ac_nonexistent.h>
      |          ^~~~~~~~~~~~~~~~~~
compilation terminated.
configure:3984: $? = 1
configure: failed program was:
| /* confdefs.h */
| #define PACKAGE_NAME ""
| #define PACKAGE_TARNAME ""
| #define PACKAGE_VERSION ""
| #define PACKAGE_STRING ""
| #define PACKAGE_BUGREPORT ""
| #define PACKAGE_URL ""
| #define PACKAGE "system-config-lvm"
| #define VERSION "1.1.18"
| /* end confdefs.h.  */
| #include <ac_nonexistent.h>
configure:4013: checking for grep that handles long lines and -e
configure:4071: result: /usr/bin/grep
configure:4076: checking for egrep
configure:4138: result: /usr/bin/grep -E
configure:4143: checking for ANSI C header files
configure:4163: gcc -c -g -O2  conftest.c >&5
configure:4163: $? = 0
configure:4236: gcc -o conftest -g -O2   conftest.c  >&5
configure:4236: $? = 0
configure:4236: ./conftest
configure:4236: $? = 0
configure:4247: result: yes
configure:4260: checking for sys/types.h
configure:4260: gcc -c -g -O2  conftest.c >&5
configure:4260: $? = 0
configure:4260: result: yes
configure:4260: checking for sys/stat.h
configure:4260: gcc -c -g -O2  conftest.c >&5
configure:4260: $? = 0
configure:4260: result: yes
configure:4260: checking for stdlib.h
configure:4260: gcc -c -g -O2  conftest.c >&5
configure:4260: $? = 0
configure:4260: result: yes
configure:4260: checking for string.h
configure:4260: gcc -c -g -O2  conftest.c >&5
configure:4260: $? = 0
configure:4260: result: yes
configure:4260: checking for memory.h
configure:4260: gcc -c -g -O2  conftest.c >&5
configure:4260: $? = 0
configure:4260: result: yes
configure:4260: checking for strings.h
configure:4260: gcc -c -g -O2  conftest.c >&5
configure:4260: $? = 0
configure:4260: result: yes
configure:4260: checking for inttypes.h
configure:4260: gcc -c -g -O2  conftest.c >&5
configure:4260: $? = 0
configure:4260: result: yes
configure:4260: checking for stdint.h
configure:4260: gcc -c -g -O2  conftest.c >&5
configure:4260: $? = 0
configure:4260: result: yes
configure:4260: checking for unistd.h
configure:4260: gcc -c -g -O2  conftest.c >&5
configure:4260: $? = 0
configure:4260: result: yes
configure:4275: checking locale.h usability
configure:4275: gcc -c -g -O2  conftest.c >&5
configure:4275: $? = 0
configure:4275: result: yes
configure:4275: checking locale.h presence
configure:4275: gcc -E  conftest.c
configure:4275: $? = 0
configure:4275: result: yes
configure:4275: checking for locale.h
configure:4275: result: yes
configure:4286: checking for LC_MESSAGES
configure:4302: gcc -o conftest -g -O2   conftest.c  >&5
configure:4302: $? = 0
configure:4310: result: yes
configure:4327: checking libintl.h usability
configure:4327: gcc -c -g -O2  conftest.c >&5
configure:4327: $? = 0
configure:4327: result: yes
configure:4327: checking libintl.h presence
configure:4327: gcc -E  conftest.c
configure:4327: $? = 0
configure:4327: result: yes
configure:4327: checking for libintl.h
configure:4327: result: yes
configure:4335: checking for ngettext in libc
configure:4353: gcc -o conftest -g -O2   conftest.c  >&5
configure:4353: $? = 0
configure:4362: result: yes
configure:4366: checking for dgettext in libc
configure:4384: gcc -o conftest -g -O2   conftest.c  >&5
configure:4384: $? = 0
configure:4393: result: yes
configure:4400: checking for bind_textdomain_codeset
configure:4400: gcc -o conftest -g -O2   conftest.c  >&5
configure:4400: $? = 0
configure:4400: result: yes
configure:4676: checking for msgfmt
configure:4703: result: /usr/bin/msgfmt
configure:4714: checking for dcgettext
configure:4714: gcc -o conftest -g -O2   conftest.c   >&5
conftest.c:48:6: warning: conflicting types for built-in function 'dcgettext'; expected 'char *(const char *, const char *, int)' [-Wbuiltin-declaration-mismatch]
   48 | char dcgettext ();
      |      ^~~~~~~~~
configure:4714: $? = 0
configure:4714: result: yes
configure:4724: checking if msgfmt accepts -c
configure:4739: $MSGFMT -c -o /dev/null conftest.foo
conftest.foo:3: warning: header field 'Language' missing in header
configure:4742: $? = 0
configure:4744: result: yes
configure:4754: checking for gmsgfmt
configure:4785: result: /usr/bin/msgfmt
configure:4795: checking for xgettext
configure:4822: result: /usr/bin/xgettext
configure:4841: gcc -o conftest -g -O2   conftest.c   >&5
configure:4841: $? = 0
configure:4923: checking for catalogs to be installed
configure:4948: result:  ar as bg bn bn_IN bs ca cs da de el en_GB es et fa fi fr gu hi hr hu hy id is it ja kn ko mai mk ml mr ms my nb nds nl or pa pl pt pt_BR ru si sk sr sr@latin sv ta te tr uk zh_CN zh_TW
configure:4981: checking whether NLS is requested
configure:4990: result: yes
configure:5018: checking for intltool-update
configure:5051: result: no
configure:5058: checking for intltool-merge
configure:5091: result: no
configure:5098: checking for intltool-extract
configure:5131: result: no
configure:5137: error: The intltool scripts were not found. Please install intltool.

## ---------------- ##
## Cache variables. ##
## ---------------- ##

ac_cv_c_compiler_gnu=yes
ac_cv_env_CC_set=
ac_cv_env_CC_value=
ac_cv_env_CFLAGS_set=
ac_cv_env_CFLAGS_value=
ac_cv_env_CPPFLAGS_set=
ac_cv_env_CPPFLAGS_value=
ac_cv_env_CPP_set=
ac_cv_env_CPP_value=
ac_cv_env_LDFLAGS_set=
ac_cv_env_LDFLAGS_value=
ac_cv_env_LIBS_set=
ac_cv_env_LIBS_value=
ac_cv_env_PYTHON_set=
ac_cv_env_PYTHON_value=
ac_cv_env_build_alias_set=
ac_cv_env_build_alias_value=
ac_cv_env_host_alias_set=
ac_cv_env_host_alias_value=
ac_cv_env_target_alias_set=
ac_cv_env_target_alias_value=
ac_cv_func_bind_textdomain_codeset=yes
ac_cv_func_dcgettext=yes
ac_cv_header_inttypes_h=yes
ac_cv_header_libintl_h=yes
ac_cv_header_locale_h=yes
ac_cv_header_memory_h=yes
ac_cv_header_stdc=yes
ac_cv_header_stdint_h=yes
ac_cv_header_stdlib_h=yes
ac_cv_header_string_h=yes
ac_cv_header_strings_h=yes
ac_cv_header_sys_stat_h=yes
ac_cv_header_sys_types_h=yes
ac_cv_header_unistd_h=yes
ac_cv_objext=o
ac_cv_path_EGREP='/usr/bin/grep -E'
ac_cv_path_GMSGFMT=/usr/bin/msgfmt
ac_cv_path_GREP=/usr/bin/grep
ac_cv_path_MSGFMT=/usr/bin/msgfmt
ac_cv_path_PYTHON=/usr/bin/python
ac_cv_path_XGETTEXT=/usr/bin/xgettext
ac_cv_path_install='/usr/bin/install -c'
ac_cv_path_mkdir=/usr/bin/mkdir
ac_cv_prog_AWK=gawk
ac_cv_prog_CPP='gcc -E'
ac_cv_prog_ac_ct_CC=gcc
ac_cv_prog_cc_c89=
ac_cv_prog_cc_g=yes
ac_cv_prog_make_make_set=yes
am_cv_CC_dependencies_compiler_type=none
am_cv_pathless_PYTHON=python
am_cv_python_platform=linux2
am_cv_python_pyexecdir='${exec_prefix}/lib/python2.7/dist-packages'
am_cv_python_pythondir='${prefix}/lib/python2.7/dist-packages'
am_cv_python_version=2.7
am_cv_val_LC_MESSAGES=yes
gt_cv_func_dgettext_libc=yes
gt_cv_func_dgettext_libintl=no
gt_cv_func_ngettext_libc=yes
gt_cv_have_gettext=yes

## ----------------- ##
## Output variables. ##
## ----------------- ##

ACLOCAL='${SHELL} /home/hermlnx/devel/system-config-lvm-1.1.18-git/missing --run aclocal-1.11'
ALL_LINGUAS='ar as bg bn bn_IN bs ca cs da de el en_GB es et fa fi fr gu hi hr hu hy id is it ja kn ko mai mk ml mr ms my nb nds nl or pa pl pt pt_BR ru si sk sr sr@latin sv ta te tr uk zh_CN zh_TW'
AMDEPBACKSLASH='\'
AMDEP_FALSE='#'
AMDEP_TRUE=''
AMTAR='$${TAR-tar}'
AM_DEFAULT_VERBOSITY=''
AUTOCONF='${SHELL} /home/hermlnx/devel/system-config-lvm-1.1.18-git/missing --run autoconf'
AUTOHEADER='${SHELL} /home/hermlnx/devel/system-config-lvm-1.1.18-git/missing --run autoheader'
AUTOMAKE='${SHELL} /home/hermlnx/devel/system-config-lvm-1.1.18-git/missing --run automake-1.11'
AWK='gawk'
CATALOGS=' ar.gmo as.gmo bg.gmo bn.gmo bn_IN.gmo bs.gmo ca.gmo cs.gmo da.gmo de.gmo el.gmo en_GB.gmo es.gmo et.gmo fa.gmo fi.gmo fr.gmo gu.gmo hi.gmo hr.gmo hu.gmo hy.gmo id.gmo is.gmo it.gmo ja.gmo kn.gmo ko.gmo mai.gmo mk.gmo ml.gmo mr.gmo ms.gmo my.gmo nb.gmo nds.gmo nl.gmo or.gmo pa.gmo pl.gmo pt.gmo pt_BR.gmo ru.gmo si.gmo sk.gmo sr.gmo sr@latin.gmo sv.gmo ta.gmo te.gmo tr.gmo uk.gmo zh_CN.gmo zh_TW.gmo'
CATOBJEXT='.gmo'
CC='gcc'
CCDEPMODE='depmode=none'
CFLAGS='-g -O2'
CPP='gcc -E'
CPPFLAGS=''
CYGPATH_W='echo'
DATADIRNAME='share'
DEFS=''
DEPDIR='.deps'
ECHO_C=''
ECHO_N='-n'
ECHO_T=''
EGREP='/usr/bin/grep -E'
EXEEXT=''
GETTEXT_PACKAGE='system-config-lvm'
GMOFILES=' ar.gmo as.gmo bg.gmo bn.gmo bn_IN.gmo bs.gmo ca.gmo cs.gmo da.gmo de.gmo el.gmo en_GB.gmo es.gmo et.gmo fa.gmo fi.gmo fr.gmo gu.gmo hi.gmo hr.gmo hu.gmo hy.gmo id.gmo is.gmo it.gmo ja.gmo kn.gmo ko.gmo mai.gmo mk.gmo ml.gmo mr.gmo ms.gmo my.gmo nb.gmo nds.gmo nl.gmo or.gmo pa.gmo pl.gmo pt.gmo pt_BR.gmo ru.gmo si.gmo sk.gmo sr.gmo sr@latin.gmo sv.gmo ta.gmo te.gmo tr.gmo uk.gmo zh_CN.gmo zh_TW.gmo'
GMSGFMT='/usr/bin/msgfmt'
GREP='/usr/bin/grep'
INSTALL_DATA='${INSTALL} -m 644'
INSTALL_PROGRAM='${INSTALL}'
INSTALL_SCRIPT='${INSTALL}'
INSTALL_STRIP_PROGRAM='$(install_sh) -c -s'
INSTOBJEXT='.mo'
INTLLIBS=''
INTLTOOL_CAVES_RULE=''
INTLTOOL_DESKTOP_RULE=''
INTLTOOL_DIRECTORY_RULE=''
INTLTOOL_EXTRACT=''
INTLTOOL_KBD_RULE=''
INTLTOOL_KEYS_RULE=''
INTLTOOL_MERGE=''
INTLTOOL_OAF_RULE=''
INTLTOOL_PERL=''
INTLTOOL_POLICY_RULE=''
INTLTOOL_PONG_RULE=''
INTLTOOL_PROP_RULE=''
INTLTOOL_SCHEMAS_RULE=''
INTLTOOL_SERVER_RULE=''
INTLTOOL_SERVICE_RULE=''
INTLTOOL_SHEET_RULE=''
INTLTOOL_SOUNDLIST_RULE=''
INTLTOOL_THEME_RULE=''
INTLTOOL_UI_RULE=''
INTLTOOL_UPDATE=''
INTLTOOL_V_MERGE=''
INTLTOOL_V_MERGE_OPTIONS=''
INTLTOOL_XAM_RULE=''
INTLTOOL_XML_NOMERGE_RULE=''
INTLTOOL_XML_RULE=''
INTLTOOL__v_MERGE_0=''
INTLTOOL__v_MERGE_=''
LDFLAGS=''
LIBOBJS=''
LIBS=''
LN_S=''
LTLIBOBJS=''
MAKEINFO='${SHELL} /home/hermlnx/devel/system-config-lvm-1.1.18-git/missing --run makeinfo'
MKDIR_P='/usr/bin/mkdir -p'
MKINSTALLDIRS='./mkinstalldirs'
MSGFMT='/usr/bin/msgfmt'
MSGFMT_OPTS='-c'
MSGMERGE=''
OBJEXT='o'
PACKAGE='system-config-lvm'
PACKAGE_BUGREPORT=''
PACKAGE_NAME=''
PACKAGE_STRING=''
PACKAGE_TARNAME=''
PACKAGE_URL=''
PACKAGE_VERSION=''
PATH_SEPARATOR=':'
POFILES=' ar.po as.po bg.po bn.po bn_IN.po bs.po ca.po cs.po da.po de.po el.po en_GB.po es.po et.po fa.po fi.po fr.po gu.po hi.po hr.po hu.po hy.po id.po is.po it.po ja.po kn.po ko.po mai.po mk.po ml.po mr.po ms.po my.po nb.po nds.po nl.po or.po pa.po pl.po pt.po pt_BR.po ru.po si.po sk.po sr.po sr@latin.po sv.po ta.po te.po tr.po uk.po zh_CN.po zh_TW.po'
POSUB='po'
PO_IN_DATADIR_FALSE=''
PO_IN_DATADIR_TRUE=''
PYTHON='/usr/bin/python'
PYTHON_EXEC_PREFIX='${exec_prefix}'
PYTHON_PLATFORM='linux2'
PYTHON_PREFIX='${prefix}'
PYTHON_VERSION='2.7'
SET_MAKE=''
SHELL='/bin/bash'
STRIP=''
USE_NLS='yes'
VERSION='1.1.18'
XGETTEXT='/usr/bin/xgettext'
ac_ct_CC='gcc'
am__EXEEXT_FALSE=''
am__EXEEXT_TRUE=''
am__fastdepCC_FALSE=''
am__fastdepCC_TRUE='#'
am__include='include'
am__isrc=''
am__leading_dot='.'
am__nodep='_no'
am__quote=''
am__tar='$${TAR-tar} chof - "$$tardir"'
am__untar='$${TAR-tar} xf -'
bindir='${exec_prefix}/bin'
build_alias=''
datadir='${datarootdir}'
datarootdir='${prefix}/share'
docdir='${datarootdir}/doc/${PACKAGE}'
dvidir='${docdir}'
exec_prefix='NONE'
host_alias=''
htmldir='${docdir}'
includedir='${prefix}/include'
infodir='${datarootdir}/info'
install_sh='${SHELL} /home/hermlnx/devel/system-config-lvm-1.1.18-git/install-sh'
intltool__v_merge_options_0=''
intltool__v_merge_options_=''
libdir='${exec_prefix}/lib'
libexecdir='${exec_prefix}/libexec'
localedir='${datarootdir}/locale'
localstatedir='${prefix}/var'
mandir='${datarootdir}/man'
mkdir_p='/usr/bin/mkdir -p'
oldincludedir='/usr/include'
pdfdir='${docdir}'
pkgpyexecdir='${pyexecdir}/system-config-lvm'
pkgpythondir='${pythondir}/system-config-lvm'
prefix='NONE'
program_transform_name='s,x,x,'
psdir='${docdir}'
pyexecdir='${exec_prefix}/lib/python2.7/dist-packages'
pythondir='${prefix}/lib/python2.7/dist-packages'
sbindir='${exec_prefix}/sbin'
sharedstatedir='${prefix}/com'
sysconfdir='${prefix}/etc'
target_alias=''

## ----------- ##
## confdefs.h. ##
## ----------- ##

/* confdefs.h */
#define PACKAGE_NAME ""
#define PACKAGE_TARNAME ""
#define PACKAGE_VERSION ""
#define PACKAGE_STRING ""
#define PACKAGE_BUGREPORT ""
#define PACKAGE_URL ""
#define PACKAGE "system-config-lvm"
#define VERSION "1.1.18"
#define STDC_HEADERS 1
#define HAVE_SYS_TYPES_H 1
#define HAVE_SYS_STAT_H 1
#define HAVE_STDLIB_H 1
#define HAVE_STRING_H 1
#define HAVE_MEMORY_H 1
#define HAVE_STRINGS_H 1
#define HAVE_INTTYPES_H 1
#define HAVE_STDINT_H 1
#define HAVE_UNISTD_H 1
#define HAVE_LOCALE_H 1
#define HAVE_LC_MESSAGES 1
#define HAVE_BIND_TEXTDOMAIN_CODESET 1
#define HAVE_GETTEXT 1
#define HAVE_DCGETTEXT 1
#define ENABLE_NLS 1

configure: exit 1
